This is pdfTeX, Version 3.14159265-2.6-1.40.21 (MiKTeX 20.11) (preloaded format=latex 2020.12.6)  21 DEC 2020 15:05
entering extended mode
**./relation.tex
(relation.tex
LaTeX2e <2020-10-01> patch level 2
L3 programming layer <2020-10-27> xparse <2020-03-03>
("C:\Users\Riccardo Terrenzi\AppData\Local\Programs\MiKTeX\tex/latex/paper\pape
r.cls"
Document Class: paper 2008/05/30 1.0l LaTeX document class (wm).
\hours=\count175
\minutes=\count176

("C:\Users\Riccardo Terrenzi\AppData\Local\Programs\MiKTeX\tex/latex/base\size1
2.clo"
File: size12.clo 2020/04/10 v1.4m Standard LaTeX file (size option)
)
\beforetitlespace=\skip47
\c@part=\count177
\c@section=\count178
\c@subsection=\count179
\c@subsubsection=\count180
\c@paragraph=\count181
\c@subparagraph=\count182
\exampleindent=\skip48
\c@figure=\count183
\c@table=\count184
\abovecaptionskip=\skip49
\belowcaptionskip=\skip50
\bibindent=\dimen138
)
("C:\Users\Riccardo Terrenzi\AppData\Local\Programs\MiKTeX\tex/latex/amsmath\am
smath.sty"
Package: amsmath 2020/09/23 v2.17i AMS math features
\@mathmargin=\skip51

For additional information on amsmath, use the `?' option.

("C:\Users\Riccardo Terrenzi\AppData\Local\Programs\MiKTeX\tex/latex/amsmath\am
stext.sty"
Package: amstext 2000/06/29 v2.01 AMS text

("C:\Users\Riccardo Terrenzi\AppData\Local\Programs\MiKTeX\tex/latex/amsmath\am
sgen.sty"
File: amsgen.sty 1999/11/30 v2.0 generic functions
\@emptytoks=\toks15
\ex@=\dimen139
))
("C:\Users\Riccardo Terrenzi\AppData\Local\Programs\MiKTeX\tex/latex/amsmath\am
sbsy.sty"
Package: amsbsy 1999/11/29 v1.2d Bold Symbols
\pmbraise@=\dimen140
)
("C:\Users\Riccardo Terrenzi\AppData\Local\Programs\MiKTeX\tex/latex/amsmath\am
sopn.sty"
Package: amsopn 2016/03/08 v2.02 operator names
)
\inf@bad=\count185
LaTeX Info: Redefining \frac on input line 234.
\uproot@=\count186
\leftroot@=\count187
LaTeX Info: Redefining \overline on input line 399.
\classnum@=\count188
\DOTSCASE@=\count189
LaTeX Info: Redefining \ldots on input line 496.
LaTeX Info: Redefining \dots on input line 499.
LaTeX Info: Redefining \cdots on input line 620.
\Mathstrutbox@=\box47
\strutbox@=\box48
\big@size=\dimen141
LaTeX Font Info:    Redeclaring font encoding OML on input line 743.
LaTeX Font Info:    Redeclaring font encoding OMS on input line 744.
\macc@depth=\count190
\c@MaxMatrixCols=\count191
\dotsspace@=\muskip16
\c@parentequation=\count192
\dspbrk@lvl=\count193
\tag@help=\toks16
\row@=\count194
\column@=\count195
\maxfields@=\count196
\andhelp@=\toks17
\eqnshift@=\dimen142
\alignsep@=\dimen143
\tagshift@=\dimen144
\tagwidth@=\dimen145
\totwidth@=\dimen146
\lineht@=\dimen147
\@envbody=\toks18
\multlinegap=\skip52
\multlinetaggap=\skip53
\mathdisplay@stack=\toks19
LaTeX Info: Redefining \[ on input line 2923.
LaTeX Info: Redefining \] on input line 2924.
)
("C:\Users\Riccardo Terrenzi\AppData\Local\Programs\MiKTeX\tex/latex/graphics\g
raphicx.sty"
Package: graphicx 2020/09/09 v1.2b Enhanced LaTeX Graphics (DPC,SPQR)

("C:\Users\Riccardo Terrenzi\AppData\Local\Programs\MiKTeX\tex/latex/graphics\k
eyval.sty"
Package: keyval 2014/10/28 v1.15 key=value parser (DPC)
\KV@toks@=\toks20
)
("C:\Users\Riccardo Terrenzi\AppData\Local\Programs\MiKTeX\tex/latex/graphics\g
raphics.sty"
Package: graphics 2020/08/30 v1.4c Standard LaTeX Graphics (DPC,SPQR)

("C:\Users\Riccardo Terrenzi\AppData\Local\Programs\MiKTeX\tex/latex/graphics\t
rig.sty"
Package: trig 2016/01/03 v1.10 sin cos tan (DPC)
)
("C:\Users\Riccardo Terrenzi\AppData\Local\Programs\MiKTeX\tex/latex/graphics-c
fg\graphics.cfg"
File: graphics.cfg 2016/06/04 v1.11 sample graphics configuration
)
Package graphics Info: Driver file: dvips.def on input line 105.

("C:\Users\Riccardo Terrenzi\AppData\Local\Programs\MiKTeX\tex/latex/graphics-d
ef\dvips.def"
File: dvips.def 2017/06/20 v3.1d Graphics/color driver for dvips
))
\Gin@req@height=\dimen148
\Gin@req@width=\dimen149
)
("C:\Users\Riccardo Terrenzi\AppData\Local\Programs\MiKTeX\tex/latex/caption\su
bcaption.sty"
Package: subcaption 2020/10/07 v1.3j Sub-captions (AR)

("C:\Users\Riccardo Terrenzi\AppData\Local\Programs\MiKTeX\tex/latex/caption\ca
ption.sty"
Package: caption 2020/10/26 v3.5g Customizing captions (AR)

("C:\Users\Riccardo Terrenzi\AppData\Local\Programs\MiKTeX\tex/latex/caption\ca
ption3.sty"
Package: caption3 2020/10/21 v2.2e caption3 kernel (AR)
\captionmargin=\dimen150
\captionmargin@=\dimen151
\captionwidth=\dimen152
\caption@tempdima=\dimen153
\caption@indent=\dimen154
\caption@parindent=\dimen155
\caption@hangindent=\dimen156
Package caption Info: thesis document class detected.

("C:\Users\Riccardo Terrenzi\AppData\Local\Programs\MiKTeX\tex/latex/caption\ca
ption-thesis.sto"
File: caption-thesis.sto 2020/08/22 v2.0 Adaption of the caption package to the
 thesis document class (AR)
))
\c@caption@flags=\count197
\c@continuedfloat=\count198
)
\c@subfigure=\count199
\c@subtable=\count266
)
("C:\Users\Riccardo Terrenzi\AppData\Local\Programs\MiKTeX\tex/latex/cite\cite.
sty"
LaTeX Info: Redefining \cite on input line 302.
LaTeX Info: Redefining \nocite on input line 332.
Package: cite 2015/02/27  v 5.5
)
("C:\Users\Riccardo Terrenzi\AppData\Local\Programs\MiKTeX\tex/latex/apacite\ap
acite.sty"
Package: apacite 2013/07/21 v6.03 APA citation
\c@BibCnt=\count267
\bibleftmargin=\skip54
\bibindent=\skip55
\bibparsep=\skip56
\bibitemsep=\skip57
\biblabelsep=\skip58
)
("C:\Users\Riccardo Terrenzi\AppData\Local\Programs\MiKTeX\tex/latex/l3backend\
l3backend-dvips.def"
File: l3backend-dvips.def 2020-09-24 L3 backend support: dvips
\l__pdf_internal_box=\box49
\g__pdf_backend_object_int=\count268
\l__pdf_backend_content_box=\box50
\l__pdf_backend_model_box=\box51
\g__pdf_backend_annotation_int=\count269
\g__pdf_backend_link_int=\count270
\g__pdf_backend_link_sf_int=\count271
) (relation.aux)
\openout1 = `relation.aux'.

LaTeX Font Info:    Checking defaults for OML/cmm/m/it on input line 11.
LaTeX Font Info:    ... okay on input line 11.
LaTeX Font Info:    Checking defaults for OMS/cmsy/m/n on input line 11.
LaTeX Font Info:    ... okay on input line 11.
LaTeX Font Info:    Checking defaults for OT1/cmr/m/n on input line 11.
LaTeX Font Info:    ... okay on input line 11.
LaTeX Font Info:    Checking defaults for T1/cmr/m/n on input line 11.
LaTeX Font Info:    ... okay on input line 11.
LaTeX Font Info:    Checking defaults for TS1/cmr/m/n on input line 11.
LaTeX Font Info:    ... okay on input line 11.
LaTeX Font Info:    Checking defaults for OMX/cmex/m/n on input line 11.
LaTeX Font Info:    ... okay on input line 11.
LaTeX Font Info:    Checking defaults for U/cmr/m/n on input line 11.
LaTeX Font Info:    ... okay on input line 11.
Package caption Info: Begin \AtBeginDocument code.
Package caption Info: End \AtBeginDocument code.
\c@maskedRefs=\count272

("C:\Users\Riccardo Terrenzi\AppData\Local\Programs\MiKTeX\tex/latex/apacite\en
glish.apc"
File: english.apc 2013/07/21 v6.03 apacite language file
LaTeX Info: Redefining \BPBI on input line 129.
LaTeX Info: Redefining \BHBI on input line 130.
)
File: matsimbol_1.eps Graphic file (type eps)
 <matsimbol_1.eps> [1


] (relation.toc)
\tf@toc=\write3
\openout3 = `relation.toc'.

 [2]
File: mem2.eps Graphic file (type eps)
 <mem2.eps>
File: componenti_fondamentali_1.eps Graphic file (type eps)

<componenti_fondamentali_1.eps> [3]
Overfull \hbox (15.36662pt too wide) in paragraph at lines 59--61
[]\OT1/cmr/m/n/12 We as-sume that the mem-ris-tor is char-ac-ter-ized by the \m
onotone-increasing"
 []

[4]
File: Fig_10_1.eps Graphic file (type eps)
 <Fig_10_1.eps>
File: Fig_10_2.eps Graphic file (type eps)
 <Fig_10_2.eps> [5]
File: Fig_12_1.eps Graphic file (type eps)
 <Fig_12_1.eps>
File: Fig_12_2.eps Graphic file (type eps)
 <Fig_12_2.eps> [6]
File: Fig_17.eps Graphic file (type eps)

<Fig_17.eps> [7]
File: Fig_23.eps Graphic file (type eps)
 <Fig_23.eps> [8]
File: Fig_26_1.eps Graphic file (type eps)
 <Fig_26_1.eps>
File: 26_2.eps Graphic file (type eps)
 <26_2.eps> [9]
File: Fig_29.eps Graphic file (type eps)
 <Fig_29.eps>
[10]
File: Fig_32.eps Graphic file (type eps)
 <Fig_32.eps> [11]
File: Fig__36.eps Graphic file (type eps)
 <Fig__36.eps> [12]
File: gui_2.eps Graphic file (type eps)
 <gui_2.eps>
Overfull \hbox (117.00119pt too wide) in paragraph at lines 372--373
 [][] 
 []

[13]
File: Hp_memristor_1.eps Graphic file (type eps)
 <Hp_memristor_1.eps> [14] (relation.bbl) [15] (relation.aux) ) 
Here is how much of TeX's memory you used:
 3510 strings out of 479833
 56848 string characters out of 2865384
 340303 words of memory out of 3000000
 20452 multiletter control sequences out of 15000+200000
 543958 words of font info for 59 fonts, out of 3000000 for 9000
 1141 hyphenation exceptions out of 8191
 68i,8n,74p,343b,317s stack positions out of 5000i,500n,10000p,200000b,50000s

Output written on relation.dvi (15 pages, 29712 bytes).
